<?xml version="1.0" encoding="UTF-8"?>
<!-- Generated by org.testng.reporters.JUnitXMLReporter -->
<testsuite hostname="PCDEFRAPC0MAB1H" ignored="0" name="Default test" tests="6" failures="0" timestamp="2021-01-19T10:02:29 MEZ" time="8.131" errors="0">
  <testcase name="addBook" time="4.383" classname="Restapi.automation.DynamicJson"/>
  <testcase name="addBook" time="0.717" classname="Restapi.automation.DynamicJson"/>
  <testcase name="addBook" time="0.707" classname="Restapi.automation.DynamicJson"/>
  <testcase name="deleteBook" time="0.706" classname="Restapi.automation.DynamicJson"/>
  <testcase name="deleteBook" time="0.695" classname="Restapi.automation.DynamicJson"/>
  <testcase name="deleteBook" time="0.867" classname="Restapi.automation.DynamicJson"/>
</testsuite> <!-- Default test -->
