<?xml version="1.0" encoding="UTF-8"?>
<testng-results skipped="0" failed="0" ignored="0" total="6" passed="6">
  <reporter-output>
  </reporter-output>
  <suite name="Default suite" duration-ms="8131" started-at="2021-01-19T10:02:21 MEZ" finished-at="2021-01-19T10:02:29 MEZ">
    <groups>
    </groups>
    <test name="Default test" duration-ms="8131" started-at="2021-01-19T10:02:21 MEZ" finished-at="2021-01-19T10:02:29 MEZ">
      <class name="Restapi.automation.DynamicJson">
        <test-method status="PASS" signature="addBook(java.lang.String, java.lang.String)[pri:0, instance:Restapi.automation.DynamicJson@1786dec2]" name="addBook" duration-ms="4383" started-at="2021-01-19T10:02:21 MEZ" data-provider="BookData" finished-at="2021-01-19T10:02:25 MEZ">
          <params>
            <param index="0">
              <value>
                <![CDATA[jkl]]>
              </value>
            </param>
            <param index="1">
              <value>
                <![CDATA[567]]>
              </value>
            </param>
          </params>
          <reporter-output>
          </reporter-output>
        </test-method> <!-- addBook -->
        <test-method status="PASS" signature="addBook(java.lang.String, java.lang.String)[pri:0, instance:Restapi.automation.DynamicJson@1786dec2]" name="addBook" duration-ms="717" started-at="2021-01-19T10:02:25 MEZ" data-provider="BookData" finished-at="2021-01-19T10:02:26 MEZ">
          <params>
            <param index="0">
              <value>
                <![CDATA[mno]]>
              </value>
            </param>
            <param index="1">
              <value>
                <![CDATA[678]]>
              </value>
            </param>
          </params>
          <reporter-output>
          </reporter-output>
        </test-method> <!-- addBook -->
        <test-method status="PASS" signature="addBook(java.lang.String, java.lang.String)[pri:0, instance:Restapi.automation.DynamicJson@1786dec2]" name="addBook" duration-ms="707" started-at="2021-01-19T10:02:26 MEZ" data-provider="BookData" finished-at="2021-01-19T10:02:27 MEZ">
          <params>
            <param index="0">
              <value>
                <![CDATA[pqr]]>
              </value>
            </param>
            <param index="1">
              <value>
                <![CDATA[789]]>
              </value>
            </param>
          </params>
          <reporter-output>
          </reporter-output>
        </test-method> <!-- addBook -->
        <test-method status="PASS" signature="deleteBook(java.lang.String)[pri:0, instance:Restapi.automation.DynamicJson@1786dec2]" name="deleteBook" duration-ms="706" started-at="2021-01-19T10:02:27 MEZ" data-provider="BookIds" finished-at="2021-01-19T10:02:27 MEZ">
          <params>
            <param index="0">
              <value>
                <![CDATA[jkl567]]>
              </value>
            </param>
          </params>
          <reporter-output>
          </reporter-output>
        </test-method> <!-- deleteBook -->
        <test-method status="PASS" signature="deleteBook(java.lang.String)[pri:0, instance:Restapi.automation.DynamicJson@1786dec2]" name="deleteBook" duration-ms="695" started-at="2021-01-19T10:02:27 MEZ" data-provider="BookIds" finished-at="2021-01-19T10:02:28 MEZ">
          <params>
            <param index="0">
              <value>
                <![CDATA[mno678]]>
              </value>
            </param>
          </params>
          <reporter-output>
          </reporter-output>
        </test-method> <!-- deleteBook -->
        <test-method status="PASS" signature="deleteBook(java.lang.String)[pri:0, instance:Restapi.automation.DynamicJson@1786dec2]" name="deleteBook" duration-ms="867" started-at="2021-01-19T10:02:28 MEZ" data-provider="BookIds" finished-at="2021-01-19T10:02:29 MEZ">
          <params>
            <param index="0">
              <value>
                <![CDATA[pqr789]]>
              </value>
            </param>
          </params>
          <reporter-output>
          </reporter-output>
        </test-method> <!-- deleteBook -->
      </class> <!-- Restapi.automation.DynamicJson -->
    </test> <!-- Default test -->
  </suite> <!-- Default suite -->
</testng-results>
